<?xml version="1.0" encoding="UTF-8"?>
<!-- Generated by org.testng.reporters.JUnitReportReporter -->
<testsuite hostname="LAPTOP-2AVP4BQP" failures="0" tests="3" name="com.test.BeforeMethodPractice" time="36.169" errors="0" timestamp="2023-08-30T14:39:16 IST" skipped="0">
  <testcase classname="com.test.BeforeMethodPractice" name="MyntraSearch" time="9.941"/>
  <testcase classname="com.test.BeforeMethodPractice" name="Myntra" time="19.722"/>
  <testcase classname="com.test.BeforeMethodPractice" name="Myntrawomen" time="6.506"/>
</testsuite> <!-- com.test.BeforeMethodPractice -->
