<?xml version="1.0" encoding="UTF-8"?>
<!-- Generated by org.testng.reporters.JUnitReportReporter -->
<testsuite hostname="LAPTOP-2AVP4BQP" failures="0" tests="2" name="com.test.BeforeClassPractice" time="8.466" errors="0" timestamp="2023-08-30T14:39:16 IST" skipped="0">
  <testcase classname="com.test.BeforeClassPractice" name="Flipkartflights" time="4.290"/>
  <testcase classname="com.test.BeforeClassPractice" name="FlipkartFurniture" time="4.176"/>
</testsuite> <!-- com.test.BeforeClassPractice -->
